<?xml version="1.0" encoding="UTF-8"?>
<Site BuildName="Linux-c++"
	BuildStamp="20251006-0349-Experimental"
	Name="codespaces-817f69"
	Generator="ctest-3.25.1"
	CompilerName="/usr/bin/c++"
	CompilerVersion="12.2.0"
	OSName="Linux"
	Hostname="codespaces-817f69"
	OSRelease="6.8.0-1030-azure"
	OSVersion="#35~22.04.1-Ubuntu SMP Mon May 26 18:08:30 UTC 2025"
	OSPlatform="x86_64"
	Is64Bits="1"
	VendorString="AuthenticAMD"
	VendorID="Advanced Micro Devices"
	FamilyID="25"
	ModelID="1"
	ProcessorCacheSize="512"
	NumberOfLogicalCPU="2"
	NumberOfPhysicalCPU="1"
	TotalVirtualMemory="0"
	TotalPhysicalMemory="7944"
	LogicalProcessorsPerPhysical="2"
	ProcessorClockFrequency="3243.49"
	>
	<Testing>
		<StartDateTime>Oct 06 03:49 UTC</StartDateTime>
		<StartTestTime>1759722583</StartTestTime>
		<TestList/>
		<EndDateTime>Oct 06 03:49 UTC</EndDateTime>
		<EndTestTime>1759722583</EndTestTime>
		<ElapsedMinutes>0</ElapsedMinutes>
	</Testing>
</Site>
